This file contains any messages produced by compilers while
running configure, to aid debugging if configure makes a mistake.

It was created by libnetfilter_queue configure 1.0.5, which was
generated by GNU Autoconf 2.69.  Invocation command line was

  $ ./configure 

## --------- ##
## Platform. ##
## --------- ##

hostname = vs
uname -m = x86_64
uname -r = 3.16.0-4-amd64
uname -s = Linux
uname -v = #1 SMP Debian 3.16.43-2+deb8u5 (2017-09-19)

/usr/bin/uname -p = unknown
/bin/uname -X     = unknown

/bin/arch              = unknown
/usr/bin/arch -k       = unknown
/usr/convex/getsysinfo = unknown
/usr/bin/hostinfo      = unknown
/bin/machine           = unknown
/usr/bin/oslevel       = unknown
/bin/universe          = unknown

PATH: /usr/local/bin
PATH: /usr/bin
PATH: /bin
PATH: /usr/local/games
PATH: /usr/games


## ----------- ##
## Core tests. ##
## ----------- ##

configure:2196: checking build system type
configure:2210: result: x86_64-pc-linux-gnu
configure:2230: checking host system type
configure:2243: result: x86_64-pc-linux-gnu
configure:2283: checking for a BSD-compatible install
configure:2351: result: /usr/bin/install -c
configure:2362: checking whether build environment is sane
configure:2417: result: yes
configure:2568: checking for a thread-safe mkdir -p
configure:2607: result: /bin/mkdir -p
configure:2614: checking for gawk
configure:2630: found /usr/bin/gawk
configure:2641: result: gawk
configure:2652: checking whether make sets $(MAKE)
configure:2674: result: yes
configure:2703: checking whether make supports nested variables
configure:2720: result: yes
configure:2799: checking how to create a pax tar archive
configure:2810: tar --version
tar (GNU tar) 1.27.1
Copyright (C) 2013 Free Software Foundation, Inc.
License GPLv3+: GNU GPL version 3 or later <http://gnu.org/licenses/gpl.html>.
This is free software: you are free to change and redistribute it.
There is NO WARRANTY, to the extent permitted by law.

Written by John Gilmore and Jay Fenlason.
configure:2813: $? = 0
configure:2853: tardir=conftest.dir && eval tar --format=posix -chf - "$tardir" >conftest.tar
configure:2856: $? = 0
configure:2860: tar -xf - <conftest.tar
configure:2863: $? = 0
configure:2865: cat conftest.dir/file
GrepMe
configure:2868: $? = 0
configure:2881: result: gnutar
configure:2935: checking whether make supports the include directive
configure:2950: make -f confmf.GNU && cat confinc.out
this is the am__doit target
configure:2953: $? = 0
configure:2972: result: yes (GNU style)
configure:3042: checking for gcc
configure:3058: found /usr/bin/gcc
configure:3069: result: gcc
configure:3298: checking for C compiler version
configure:3307: gcc --version >&5
gcc (Debian 4.9.2-10+deb8u2) 4.9.2
Copyright (C) 2014 Free Software Foundation, Inc.
This is free software; see the source for copying conditions.  There is NO
warranty; not even for MERCHANTABILITY or FITNESS FOR A PARTICULAR PURPOSE.

configure:3318: $? = 0
configure:3307: gcc -v >&5
Using built-in specs.
COLLECT_GCC=gcc
COLLECT_LTO_WRAPPER=/usr/lib/gcc/x86_64-linux-gnu/4.9/lto-wrapper
Target: x86_64-linux-gnu
Configured with: ../src/configure -v --with-pkgversion='Debian 4.9.2-10+deb8u2' --with-bugurl=file:///usr/share/doc/gcc-4.9/README.Bugs --enable-languages=c,c++,java,go,d,fortran,objc,obj-c++ --prefix=/usr --program-suffix=-4.9 --enable-shared --enable-linker-build-id --libexecdir=/usr/lib --without-included-gettext --enable-threads=posix --with-gxx-include-dir=/usr/include/c++/4.9 --libdir=/usr/lib --enable-nls --with-sysroot=/ --enable-clocale=gnu --enable-libstdcxx-debug --enable-libstdcxx-time=yes --enable-gnu-unique-object --disable-vtable-verify --enable-plugin --with-system-zlib --disable-browser-plugin --enable-java-awt=gtk --enable-gtk-cairo --with-java-home=/usr/lib/jvm/java-1.5.0-gcj-4.9-amd64/jre --enable-java-home --with-jvm-root-dir=/usr/lib/jvm/java-1.5.0-gcj-4.9-amd64 --with-jvm-jar-dir=/usr/lib/jvm-exports/java-1.5.0-gcj-4.9-amd64 --with-arch-directory=amd64 --with-ecj-jar=/usr/share/java/eclipse-ecj.jar --enable-objc-gc --enable-multiarch --with-arch-32=i586 --with-abi=m64 --with-multilib-list=m32,m64,mx32 --enable-multilib --with-tune=generic --enable-checking=release --build=x86_64-linux-gnu --host=x86_64-linux-gnu --target=x86_64-linux-gnu
Thread model: posix
gcc version 4.9.2 (Debian 4.9.2-10+deb8u2) 
configure:3318: $? = 0
configure:3307: gcc -V >&5
gcc: error: unrecognized command line option '-V'
gcc: fatal error: no input files
compilation terminated.
configure:3318: $? = 4
configure:3307: gcc -qversion >&5
gcc: error: unrecognized command line option '-qversion'
gcc: fatal error: no input files
compilation terminated.
configure:3318: $? = 4
configure:3338: checking whether the C compiler works
configure:3360: gcc    conftest.c  >&5
configure:3364: $? = 0
configure:3412: result: yes
configure:3415: checking for C compiler default output file name
configure:3417: result: a.out
configure:3423: checking for suffix of executables
configure:3430: gcc -o conftest    conftest.c  >&5
configure:3434: $? = 0
configure:3456: result: 
configure:3478: checking whether we are cross compiling
configure:3486: gcc -o conftest    conftest.c  >&5
configure:3490: $? = 0
configure:3497: ./conftest
configure:3501: $? = 0
configure:3516: result: no
configure:3521: checking for suffix of object files
configure:3543: gcc -c   conftest.c >&5
configure:3547: $? = 0
configure:3568: result: o
configure:3572: checking whether we are using the GNU C compiler
configure:3591: gcc -c   conftest.c >&5
configure:3591: $? = 0
configure:3600: result: yes
configure:3609: checking whether gcc accepts -g
configure:3629: gcc -c -g  conftest.c >&5
configure:3629: $? = 0
configure:3670: result: yes
configure:3687: checking for gcc option to accept ISO C89
configure:3750: gcc  -c -g -O2  conftest.c >&5
configure:3750: $? = 0
configure:3763: result: none needed
configure:3788: checking whether gcc understands -c and -o together
configure:3810: gcc -c conftest.c -o conftest2.o
configure:3813: $? = 0
configure:3810: gcc -c conftest.c -o conftest2.o
configure:3813: $? = 0
configure:3825: result: yes
configure:3844: checking dependency style of gcc
configure:3955: result: gcc3
configure:4020: checking for ar
configure:4036: found /usr/bin/ar
configure:4047: result: ar
configure:4073: checking the archiver (ar) interface
configure:4089: gcc -c -g -O2  conftest.c >&5
configure:4089: $? = 0
configure:4091: ar cru libconftest.a conftest.o >&5
configure:4094: $? = 0
configure:4122: result: ar
configure:4154: checking whether make supports nested variables
configure:4171: result: yes
configure:4231: checking for gcc
configure:4258: result: gcc
configure:4487: checking for C compiler version
configure:4496: gcc --version >&5
gcc (Debian 4.9.2-10+deb8u2) 4.9.2
Copyright (C) 2014 Free Software Foundation, Inc.
This is free software; see the source for copying conditions.  There is NO
warranty; not even for MERCHANTABILITY or FITNESS FOR A PARTICULAR PURPOSE.

configure:4507: $? = 0
configure:4496: gcc -v >&5
Using built-in specs.
COLLECT_GCC=gcc
COLLECT_LTO_WRAPPER=/usr/lib/gcc/x86_64-linux-gnu/4.9/lto-wrapper
Target: x86_64-linux-gnu
Configured with: ../src/configure -v --with-pkgversion='Debian 4.9.2-10+deb8u2' --with-bugurl=file:///usr/share/doc/gcc-4.9/README.Bugs --enable-languages=c,c++,java,go,d,fortran,objc,obj-c++ --prefix=/usr --program-suffix=-4.9 --enable-shared --enable-linker-build-id --libexecdir=/usr/lib --without-included-gettext --enable-threads=posix --with-gxx-include-dir=/usr/include/c++/4.9 --libdir=/usr/lib --enable-nls --with-sysroot=/ --enable-clocale=gnu --enable-libstdcxx-debug --enable-libstdcxx-time=yes --enable-gnu-unique-object --disable-vtable-verify --enable-plugin --with-system-zlib --disable-browser-plugin --enable-java-awt=gtk --enable-gtk-cairo --with-java-home=/usr/lib/jvm/java-1.5.0-gcj-4.9-amd64/jre --enable-java-home --with-jvm-root-dir=/usr/lib/jvm/java-1.5.0-gcj-4.9-amd64 --with-jvm-jar-dir=/usr/lib/jvm-exports/java-1.5.0-gcj-4.9-amd64 --with-arch-directory=amd64 --with-ecj-jar=/usr/share/java/eclipse-ecj.jar --enable-objc-gc --enable-multiarch --with-arch-32=i586 --with-abi=m64 --with-multilib-list=m32,m64,mx32 --enable-multilib --with-tune=generic --enable-checking=release --build=x86_64-linux-gnu --host=x86_64-linux-gnu --target=x86_64-linux-gnu
Thread model: posix
gcc version 4.9.2 (Debian 4.9.2-10+deb8u2) 
configure:4507: $? = 0
configure:4496: gcc -V >&5
gcc: error: unrecognized command line option '-V'
gcc: fatal error: no input files
compilation terminated.
configure:4507: $? = 4
configure:4496: gcc -qversion >&5
gcc: error: unrecognized command line option '-qversion'
gcc: fatal error: no input files
compilation terminated.
configure:4507: $? = 4
configure:4511: checking whether we are using the GNU C compiler
configure:4539: result: yes
configure:4548: checking whether gcc accepts -g
configure:4609: result: yes
configure:4626: checking for gcc option to accept ISO C89
configure:4702: result: none needed
configure:4727: checking whether gcc understands -c and -o together
configure:4764: result: yes
configure:4783: checking dependency style of gcc
configure:4894: result: gcc3
configure:4987: checking how to print strings
configure:5014: result: printf
configure:5035: checking for a sed that does not truncate output
configure:5099: result: /bin/sed
configure:5117: checking for grep that handles long lines and -e
configure:5175: result: /bin/grep
configure:5180: checking for egrep
configure:5242: result: /bin/grep -E
configure:5247: checking for fgrep
configure:5309: result: /bin/grep -F
configure:5344: checking for ld used by gcc
configure:5411: result: /usr/bin/ld
configure:5418: checking if the linker (/usr/bin/ld) is GNU ld
configure:5433: result: yes
configure:5445: checking for BSD- or MS-compatible name lister (nm)
configure:5499: result: /usr/bin/nm -B
configure:5629: checking the name lister (/usr/bin/nm -B) interface
configure:5636: gcc -c -g -O2  conftest.c >&5
configure:5639: /usr/bin/nm -B "conftest.o"
configure:5642: output
0000000000000000 B some_variable
configure:5649: result: BSD nm
configure:5652: checking whether ln -s works
configure:5656: result: yes
configure:5664: checking the maximum length of command line arguments
configure:5795: result: 1572864
configure:5843: checking how to convert x86_64-pc-linux-gnu file names to x86_64-pc-linux-gnu format
configure:5883: result: func_convert_file_noop
configure:5890: checking how to convert x86_64-pc-linux-gnu file names to toolchain format
configure:5910: result: func_convert_file_noop
configure:5917: checking for /usr/bin/ld option to reload object files
configure:5924: result: -r
configure:5998: checking for objdump
configure:6014: found /usr/bin/objdump
configure:6025: result: objdump
configure:6057: checking how to recognize dependent libraries
configure:6257: result: pass_all
configure:6342: checking for dlltool
configure:6372: result: no
configure:6402: checking how to associate runtime and link libraries
configure:6429: result: printf %s\n
configure:6553: checking for archiver @FILE support
configure:6570: gcc -c -g -O2  conftest.c >&5
configure:6570: $? = 0
configure:6573: ar cru libconftest.a @conftest.lst >&5
configure:6576: $? = 0
configure:6581: ar cru libconftest.a @conftest.lst >&5
ar: conftest.o: No such file or directory
configure:6584: $? = 1
configure:6596: result: @
configure:6654: checking for strip
configure:6670: found /usr/bin/strip
configure:6681: result: strip
configure:6753: checking for ranlib
configure:6769: found /usr/bin/ranlib
configure:6780: result: ranlib
configure:6882: checking command to parse /usr/bin/nm -B output from gcc object
configure:7035: gcc -c -g -O2  conftest.c >&5
configure:7038: $? = 0
configure:7042: /usr/bin/nm -B conftest.o | sed -n -e 's/^.*[	 ]\([ABCDGIRSTW][ABCDGIRSTW]*\)[	 ][	 ]*\([_A-Za-z][_A-Za-z0-9]*\)$/\1 \2 \2/p' | sed '/ __gnu_lto/d' > conftest.nm
configure:7108: gcc -o conftest -g -O2   conftest.c conftstm.o >&5
configure:7111: $? = 0
configure:7149: result: ok
configure:7196: checking for sysroot
configure:7226: result: no
configure:7233: checking for a working dd
configure:7271: result: /bin/dd
configure:7275: checking how to truncate binary pipes
configure:7290: result: /bin/dd bs=4096 count=1
configure:7426: gcc -c -g -O2  conftest.c >&5
configure:7429: $? = 0
configure:7619: checking for mt
configure:7635: found /bin/mt
configure:7646: result: mt
configure:7669: checking if mt is a manifest tool
configure:7675: mt '-?'
configure:7683: result: no
configure:8360: checking how to run the C preprocessor
configure:8391: gcc -E  conftest.c
configure:8391: $? = 0
configure:8405: gcc -E  conftest.c
conftest.c:11:28: fatal error: ac_nonexistent.h: No such file or directory
 #include <ac_nonexistent.h>
                            ^
compilation terminated.
configure:8405: $? = 1
configure: failed program was:
| /* confdefs.h */
| #define PACKAGE_NAME "libnetfilter_queue"
| #define PACKAGE_TARNAME "libnetfilter_queue"
| #define PACKAGE_VERSION "1.0.5"
| #define PACKAGE_STRING "libnetfilter_queue 1.0.5"
| #define PACKAGE_BUGREPORT ""
| #define PACKAGE_URL ""
| #define PACKAGE "libnetfilter_queue"
| #define VERSION "1.0.5"
| /* end confdefs.h.  */
| #include <ac_nonexistent.h>
configure:8430: result: gcc -E
configure:8450: gcc -E  conftest.c
configure:8450: $? = 0
configure:8464: gcc -E  conftest.c
conftest.c:11:28: fatal error: ac_nonexistent.h: No such file or directory
 #include <ac_nonexistent.h>
                            ^
compilation terminated.
configure:8464: $? = 1
configure: failed program was:
| /* confdefs.h */
| #define PACKAGE_NAME "libnetfilter_queue"
| #define PACKAGE_TARNAME "libnetfilter_queue"
| #define PACKAGE_VERSION "1.0.5"
| #define PACKAGE_STRING "libnetfilter_queue 1.0.5"
| #define PACKAGE_BUGREPORT ""
| #define PACKAGE_URL ""
| #define PACKAGE "libnetfilter_queue"
| #define VERSION "1.0.5"
| /* end confdefs.h.  */
| #include <ac_nonexistent.h>
configure:8493: checking for ANSI C header files
configure:8513: gcc -c -g -O2  conftest.c >&5
configure:8513: $? = 0
configure:8586: gcc -o conftest -g -O2   conftest.c  >&5
configure:8586: $? = 0
configure:8586: ./conftest
configure:8586: $? = 0
configure:8597: result: yes
configure:8610: checking for sys/types.h
configure:8610: gcc -c -g -O2  conftest.c >&5
configure:8610: $? = 0
configure:8610: result: yes
configure:8610: checking for sys/stat.h
configure:8610: gcc -c -g -O2  conftest.c >&5
configure:8610: $? = 0
configure:8610: result: yes
configure:8610: checking for stdlib.h
configure:8610: gcc -c -g -O2  conftest.c >&5
configure:8610: $? = 0
configure:8610: result: yes
configure:8610: checking for string.h
configure:8610: gcc -c -g -O2  conftest.c >&5
configure:8610: $? = 0
configure:8610: result: yes
configure:8610: checking for memory.h
configure:8610: gcc -c -g -O2  conftest.c >&5
configure:8610: $? = 0
configure:8610: result: yes
configure:8610: checking for strings.h
configure:8610: gcc -c -g -O2  conftest.c >&5
configure:8610: $? = 0
configure:8610: result: yes
configure:8610: checking for inttypes.h
configure:8610: gcc -c -g -O2  conftest.c >&5
configure:8610: $? = 0
configure:8610: result: yes
configure:8610: checking for stdint.h
configure:8610: gcc -c -g -O2  conftest.c >&5
configure:8610: $? = 0
configure:8610: result: yes
configure:8610: checking for unistd.h
configure:8610: gcc -c -g -O2  conftest.c >&5
configure:8610: $? = 0
configure:8610: result: yes
configure:8624: checking for dlfcn.h
configure:8624: gcc -c -g -O2  conftest.c >&5
configure:8624: $? = 0
configure:8624: result: yes
configure:8850: checking for objdir
configure:8865: result: .libs
configure:9129: checking if gcc supports -fno-rtti -fno-exceptions
configure:9147: gcc -c -g -O2  -fno-rtti -fno-exceptions conftest.c >&5
cc1: warning: command line option '-fno-rtti' is valid for C++/ObjC++ but not for C
configure:9151: $? = 0
configure:9164: result: no
configure:9522: checking for gcc option to produce PIC
configure:9529: result: -fPIC -DPIC
configure:9537: checking if gcc PIC flag -fPIC -DPIC works
configure:9555: gcc -c -g -O2  -fPIC -DPIC -DPIC conftest.c >&5
configure:9559: $? = 0
configure:9572: result: yes
configure:9601: checking if gcc static flag -static works
configure:9629: result: yes
configure:9644: checking if gcc supports -c -o file.o
configure:9665: gcc -c -g -O2  -o out/conftest2.o conftest.c >&5
configure:9669: $? = 0
configure:9691: result: yes
configure:9699: checking if gcc supports -c -o file.o
configure:9746: result: yes
configure:9779: checking whether the gcc linker (/usr/bin/ld -m elf_x86_64) supports shared libraries
configure:11042: result: yes
configure:11079: checking whether -lc should be explicitly linked in
configure:11087: gcc -c -g -O2  conftest.c >&5
configure:11090: $? = 0
configure:11105: gcc -shared  -fPIC -DPIC conftest.o  -v -Wl,-soname -Wl,conftest -o conftest 2\>\&1 \| /bin/grep  -lc  \>/dev/null 2\>\&1
configure:11108: $? = 0
configure:11122: result: no
configure:11282: checking dynamic linker characteristics
configure:11863: gcc -o conftest -g -O2   -Wl,-rpath -Wl,/foo conftest.c  >&5
configure:11863: $? = 0
configure:12112: result: GNU/Linux ld.so
configure:12234: checking how to hardcode library paths into programs
configure:12259: result: immediate
configure:12807: checking whether stripping libraries is possible
configure:12812: result: yes
configure:12847: checking if libtool supports shared libraries
configure:12849: result: yes
configure:12852: checking whether to build shared libraries
configure:12877: result: yes
configure:12880: checking whether to build static libraries
configure:12884: result: no
configure:12931: checking whether compiler accepts -fvisibility=hidden
configure:12940: gcc -c -g -O2 -fvisibility=hidden  conftest.c >&5
configure:12940: $? = 0
configure:12948: result: yes
configure:13025: checking for pkg-config
configure:13043: found /usr/bin/pkg-config
configure:13055: result: /usr/bin/pkg-config
configure:13080: checking pkg-config is at least version 0.9.0
configure:13083: result: yes
configure:13093: checking for LIBNFNETLINK
configure:13100: $PKG_CONFIG --exists --print-errors "libnfnetlink >= 0.0.41"
configure:13103: $? = 0
configure:13117: $PKG_CONFIG --exists --print-errors "libnfnetlink >= 0.0.41"
configure:13120: $? = 0
configure:13178: result: yes
configure:13184: checking for LIBMNL
configure:13191: $PKG_CONFIG --exists --print-errors "libmnl >= 1.0.3"
configure:13194: $? = 0
configure:13208: $PKG_CONFIG --exists --print-errors "libmnl >= 1.0.3"
configure:13211: $? = 0
configure:13269: result: yes
configure:13449: checking that generated files are newer than configure
configure:13455: result: done
configure:13486: creating ./config.status

## ---------------------- ##
## Running config.status. ##
## ---------------------- ##

This file was extended by libnetfilter_queue config.status 1.0.5, which was
generated by GNU Autoconf 2.69.  Invocation command line was

  CONFIG_FILES    = 
  CONFIG_HEADERS  = 
  CONFIG_LINKS    = 
  CONFIG_COMMANDS = 
  $ ./config.status 

on vs

config.status:1106: creating Makefile
config.status:1106: creating src/Makefile
config.status:1106: creating utils/Makefile
config.status:1106: creating examples/Makefile
config.status:1106: creating libnetfilter_queue.pc
config.status:1106: creating doxygen.cfg
config.status:1106: creating include/Makefile
config.status:1106: creating include/libnetfilter_queue/Makefile
config.status:1106: creating doxygen/Makefile
config.status:1106: creating include/linux/Makefile
config.status:1106: creating include/linux/netfilter/Makefile
config.status:1106: creating config.h
config.status:1335: executing depfiles commands
config.status:1412: cd src       && sed -e '/# am--include-marker/d' Makefile         | make -f - am--depfiles
config.status:1417: $? = 0
config.status:1412: cd utils       && sed -e '/# am--include-marker/d' Makefile         | make -f - am--depfiles
config.status:1417: $? = 0
config.status:1412: cd examples       && sed -e '/# am--include-marker/d' Makefile         | make -f - am--depfiles
config.status:1417: $? = 0
config.status:1335: executing libtool commands

## ---------------- ##
## Cache variables. ##
## ---------------- ##

ac_cv_build=x86_64-pc-linux-gnu
ac_cv_c_compiler_gnu=yes
ac_cv_env_CC_set=
ac_cv_env_CC_value=
ac_cv_env_CFLAGS_set=
ac_cv_env_CFLAGS_value=
ac_cv_env_CPPFLAGS_set=
ac_cv_env_CPPFLAGS_value=
ac_cv_env_CPP_set=
ac_cv_env_CPP_value=
ac_cv_env_LDFLAGS_set=
ac_cv_env_LDFLAGS_value=
ac_cv_env_LIBMNL_CFLAGS_set=
ac_cv_env_LIBMNL_CFLAGS_value=
ac_cv_env_LIBMNL_LIBS_set=
ac_cv_env_LIBMNL_LIBS_value=
ac_cv_env_LIBNFNETLINK_CFLAGS_set=
ac_cv_env_LIBNFNETLINK_CFLAGS_value=
ac_cv_env_LIBNFNETLINK_LIBS_set=
ac_cv_env_LIBNFNETLINK_LIBS_value=
ac_cv_env_LIBS_set=
ac_cv_env_LIBS_value=
ac_cv_env_LT_SYS_LIBRARY_PATH_set=
ac_cv_env_LT_SYS_LIBRARY_PATH_value=
ac_cv_env_PKG_CONFIG_LIBDIR_set=
ac_cv_env_PKG_CONFIG_LIBDIR_value=
ac_cv_env_PKG_CONFIG_PATH_set=
ac_cv_env_PKG_CONFIG_PATH_value=
ac_cv_env_PKG_CONFIG_set=
ac_cv_env_PKG_CONFIG_value=
ac_cv_env_build_alias_set=
ac_cv_env_build_alias_value=
ac_cv_env_host_alias_set=
ac_cv_env_host_alias_value=
ac_cv_env_target_alias_set=
ac_cv_env_target_alias_value=
ac_cv_fvisibility_hidden=yes
ac_cv_header_dlfcn_h=yes
ac_cv_header_inttypes_h=yes
ac_cv_header_memory_h=yes
ac_cv_header_stdc=yes
ac_cv_header_stdint_h=yes
ac_cv_header_stdlib_h=yes
ac_cv_header_string_h=yes
ac_cv_header_strings_h=yes
ac_cv_header_sys_stat_h=yes
ac_cv_header_sys_types_h=yes
ac_cv_header_unistd_h=yes
ac_cv_host=x86_64-pc-linux-gnu
ac_cv_objext=o
ac_cv_path_EGREP='/bin/grep -E'
ac_cv_path_FGREP='/bin/grep -F'
ac_cv_path_GREP=/bin/grep
ac_cv_path_SED=/bin/sed
ac_cv_path_ac_pt_PKG_CONFIG=/usr/bin/pkg-config
ac_cv_path_install='/usr/bin/install -c'
ac_cv_path_lt_DD=/bin/dd
ac_cv_path_mkdir=/bin/mkdir
ac_cv_prog_AWK=gawk
ac_cv_prog_CPP='gcc -E'
ac_cv_prog_ac_ct_AR=ar
ac_cv_prog_ac_ct_CC=gcc
ac_cv_prog_ac_ct_MANIFEST_TOOL=mt
ac_cv_prog_ac_ct_OBJDUMP=objdump
ac_cv_prog_ac_ct_RANLIB=ranlib
ac_cv_prog_ac_ct_STRIP=strip
ac_cv_prog_cc_c89=
ac_cv_prog_cc_g=yes
ac_cv_prog_make_make_set=yes
am_cv_CC_dependencies_compiler_type=gcc3
am_cv_ar_interface=ar
am_cv_make_support_nested_variables=yes
am_cv_prog_cc_c_o=yes
am_cv_prog_tar_pax=gnutar
lt_cv_ar_at_file=@
lt_cv_archive_cmds_need_lc=no
lt_cv_deplibs_check_method=pass_all
lt_cv_file_magic_cmd='$MAGIC_CMD'
lt_cv_file_magic_test_file=
lt_cv_ld_reload_flag=-r
lt_cv_nm_interface='BSD nm'
lt_cv_objdir=.libs
lt_cv_path_LD=/usr/bin/ld
lt_cv_path_NM='/usr/bin/nm -B'
lt_cv_path_mainfest_tool=no
lt_cv_prog_compiler_c_o=yes
lt_cv_prog_compiler_pic='-fPIC -DPIC'
lt_cv_prog_compiler_pic_works=yes
lt_cv_prog_compiler_rtti_exceptions=no
lt_cv_prog_compiler_static_works=yes
lt_cv_prog_gnu_ld=yes
lt_cv_sharedlib_from_linklib_cmd='printf %s\n'
lt_cv_shlibpath_overrides_runpath=no
lt_cv_sys_global_symbol_pipe='sed -n -e '\''s/^.*[	 ]\([ABCDGIRSTW][ABCDGIRSTW]*\)[	 ][	 ]*\([_A-Za-z][_A-Za-z0-9]*\)$/\1 \2 \2/p'\'' | sed '\''/ __gnu_lto/d'\'''
lt_cv_sys_global_symbol_to_c_name_address='sed -n -e '\''s/^: \(.*\) .*$/  {"\1", (void *) 0},/p'\'' -e '\''s/^[ABCDGIRSTW][ABCDGIRSTW]* .* \(.*\)$/  {"\1", (void *) \&\1},/p'\'''
lt_cv_sys_global_symbol_to_c_name_address_lib_prefix='sed -n -e '\''s/^: \(.*\) .*$/  {"\1", (void *) 0},/p'\'' -e '\''s/^[ABCDGIRSTW][ABCDGIRSTW]* .* \(lib.*\)$/  {"\1", (void *) \&\1},/p'\'' -e '\''s/^[ABCDGIRSTW][ABCDGIRSTW]* .* \(.*\)$/  {"lib\1", (void *) \&\1},/p'\'''
lt_cv_sys_global_symbol_to_cdecl='sed -n -e '\''s/^T .* \(.*\)$/extern int \1();/p'\'' -e '\''s/^[ABCDGIRSTW][ABCDGIRSTW]* .* \(.*\)$/extern char \1;/p'\'''
lt_cv_sys_global_symbol_to_import=
lt_cv_sys_max_cmd_len=1572864
lt_cv_to_host_file_cmd=func_convert_file_noop
lt_cv_to_tool_file_cmd=func_convert_file_noop
lt_cv_truncate_bin='/bin/dd bs=4096 count=1'
pkg_cv_LIBMNL_CFLAGS='-I/usr/local/include '
pkg_cv_LIBMNL_LIBS='-L/usr/local/lib -lmnl '
pkg_cv_LIBNFNETLINK_CFLAGS='-I/usr/local/include '
pkg_cv_LIBNFNETLINK_LIBS='-L/usr/local/lib -lnfnetlink '

## ----------------- ##
## Output variables. ##
## ----------------- ##

ACLOCAL='${SHELL} /home/vs/downloads/devnet/libnetfilter_queue/build-aux/missing aclocal-1.16'
AMDEPBACKSLASH='\'
AMDEP_FALSE='#'
AMDEP_TRUE=''
AMTAR='$${TAR-tar}'
AM_BACKSLASH='\'
AM_DEFAULT_V='$(AM_DEFAULT_VERBOSITY)'
AM_DEFAULT_VERBOSITY='0'
AM_V='$(V)'
AR='ar'
AUTOCONF='${SHELL} /home/vs/downloads/devnet/libnetfilter_queue/build-aux/missing autoconf'
AUTOHEADER='${SHELL} /home/vs/downloads/devnet/libnetfilter_queue/build-aux/missing autoheader'
AUTOMAKE='${SHELL} /home/vs/downloads/devnet/libnetfilter_queue/build-aux/missing automake-1.16'
AWK='gawk'
CC='gcc'
CCDEPMODE='depmode=gcc3'
CFLAGS='-g -O2'
CPP='gcc -E'
CPPFLAGS=''
CYGPATH_W='echo'
DEFS='-DHAVE_CONFIG_H'
DEPDIR='.deps'
DLLTOOL='false'
DOXYGEN=''
DSYMUTIL=''
DUMPBIN=''
ECHO_C=''
ECHO_N='-n'
ECHO_T=''
EGREP='/bin/grep -E'
EXEEXT=''
FGREP='/bin/grep -F'
GCC_FVISIBILITY_HIDDEN='-fvisibility=hidden'
GREP='/bin/grep'
HAVE_DOXYGEN_FALSE=''
HAVE_DOXYGEN_TRUE='#'
INSTALL_DATA='${INSTALL} -m 644'
INSTALL_PROGRAM='${INSTALL}'
INSTALL_SCRIPT='${INSTALL}'
INSTALL_STRIP_PROGRAM='$(install_sh) -c -s'
LD='/usr/bin/ld -m elf_x86_64'
LDFLAGS=''
LIBMNL_CFLAGS='-I/usr/local/include '
LIBMNL_LIBS='-L/usr/local/lib -lmnl '
LIBNFNETLINK_CFLAGS='-I/usr/local/include '
LIBNFNETLINK_LIBS='-L/usr/local/lib -lnfnetlink '
LIBOBJS=''
LIBS=''
LIBTOOL='$(SHELL) $(top_builddir)/libtool'
LIPO=''
LN_S='ln -s'
LTLIBOBJS=''
LT_SYS_LIBRARY_PATH=''
MAKEINFO='${SHELL} /home/vs/downloads/devnet/libnetfilter_queue/build-aux/missing makeinfo'
MANIFEST_TOOL=':'
MKDIR_P='/bin/mkdir -p'
NM='/usr/bin/nm -B'
NMEDIT=''
OBJDUMP='objdump'
OBJEXT='o'
OTOOL64=''
OTOOL=''
PACKAGE='libnetfilter_queue'
PACKAGE_BUGREPORT=''
PACKAGE_NAME='libnetfilter_queue'
PACKAGE_STRING='libnetfilter_queue 1.0.5'
PACKAGE_TARNAME='libnetfilter_queue'
PACKAGE_URL=''
PACKAGE_VERSION='1.0.5'
PATH_SEPARATOR=':'
PKG_CONFIG='/usr/bin/pkg-config'
PKG_CONFIG_LIBDIR=''
PKG_CONFIG_PATH=''
RANLIB='ranlib'
SED='/bin/sed'
SET_MAKE=''
SHELL='/bin/bash'
STRIP='strip'
VERSION='1.0.5'
ac_ct_AR='ar'
ac_ct_CC='gcc'
ac_ct_DUMPBIN=''
am__EXEEXT_FALSE=''
am__EXEEXT_TRUE='#'
am__fastdepCC_FALSE='#'
am__fastdepCC_TRUE=''
am__include='include'
am__isrc=''
am__leading_dot='.'
am__nodep='_no'
am__quote=''
am__tar='tar --format=posix -chf - "$$tardir"'
am__untar='tar -xf -'
bindir='${exec_prefix}/bin'
build='x86_64-pc-linux-gnu'
build_alias=''
build_cpu='x86_64'
build_os='linux-gnu'
build_vendor='pc'
datadir='${datarootdir}'
datarootdir='${prefix}/share'
docdir='${datarootdir}/doc/${PACKAGE_TARNAME}'
dvidir='${docdir}'
exec_prefix='${prefix}'
host='x86_64-pc-linux-gnu'
host_alias=''
host_cpu='x86_64'
host_os='linux-gnu'
host_vendor='pc'
htmldir='${docdir}'
includedir='${prefix}/include'
infodir='${datarootdir}/info'
install_sh='${SHELL} /home/vs/downloads/devnet/libnetfilter_queue/build-aux/install-sh'
libdir='${exec_prefix}/lib'
libexecdir='${exec_prefix}/libexec'
localedir='${datarootdir}/locale'
localstatedir='${prefix}/var'
mandir='${datarootdir}/man'
mkdir_p='$(MKDIR_P)'
oldincludedir='/usr/include'
pdfdir='${docdir}'
prefix='/usr/local'
program_transform_name='s,x,x,'
psdir='${docdir}'
runstatedir='${localstatedir}/run'
sbindir='${exec_prefix}/sbin'
sharedstatedir='${prefix}/com'
sysconfdir='${prefix}/etc'
target_alias=''

## ----------- ##
## confdefs.h. ##
## ----------- ##

/* confdefs.h */
#define PACKAGE_NAME "libnetfilter_queue"
#define PACKAGE_TARNAME "libnetfilter_queue"
#define PACKAGE_VERSION "1.0.5"
#define PACKAGE_STRING "libnetfilter_queue 1.0.5"
#define PACKAGE_BUGREPORT ""
#define PACKAGE_URL ""
#define PACKAGE "libnetfilter_queue"
#define VERSION "1.0.5"
#define STDC_HEADERS 1
#define HAVE_SYS_TYPES_H 1
#define HAVE_SYS_STAT_H 1
#define HAVE_STDLIB_H 1
#define HAVE_STRING_H 1
#define HAVE_MEMORY_H 1
#define HAVE_STRINGS_H 1
#define HAVE_INTTYPES_H 1
#define HAVE_STDINT_H 1
#define HAVE_UNISTD_H 1
#define HAVE_DLFCN_H 1
#define LT_OBJDIR ".libs/"
#define HAVE_VISIBILITY_HIDDEN 1

configure: exit 0

## ---------------------- ##
## Running config.status. ##
## ---------------------- ##

This file was extended by libnetfilter_queue config.status 1.0.5, which was
generated by GNU Autoconf 2.69.  Invocation command line was

  CONFIG_FILES    = 
  CONFIG_HEADERS  = 
  CONFIG_LINKS    = 
  CONFIG_COMMANDS = 
  $ ./config.status config.h

on vs

config.status:1106: creating config.h

## ---------------------- ##
## Running config.status. ##
## ---------------------- ##

This file was extended by libnetfilter_queue config.status 1.0.5, which was
generated by GNU Autoconf 2.69.  Invocation command line was

  CONFIG_FILES    = 
  CONFIG_HEADERS  = 
  CONFIG_LINKS    = 
  CONFIG_COMMANDS = 
  $ ./config.status config.h

on vs

config.status:1106: creating config.h

## ---------------------- ##
## Running config.status. ##
## ---------------------- ##

This file was extended by libnetfilter_queue config.status 1.0.5, which was
generated by GNU Autoconf 2.69.  Invocation command line was

  CONFIG_FILES    = 
  CONFIG_HEADERS  = 
  CONFIG_LINKS    = 
  CONFIG_COMMANDS = 
  $ ./config.status config.h

on vs

config.status:1106: creating config.h
